#
# A fatal error has been detected by the Java Runtime Environment:
#
#  SIGSEGV (0xb) at pc=0x000000010b3a5050, pid=30501, tid=48643
#
# JRE version: Java(TM) SE Runtime Environment (8.0_60-b27) (build 1.8.0_60-b27)
# Java VM: Java HotSpot(TM) 64-Bit Server VM (25.60-b23 mixed mode bsd-amd64 compressed oops)
# Problematic frame:
# V  [libjvm.dylib+0x57a050]
#
# Failed to write core dump. Core dumps have been disabled. To enable core dumping, try "ulimit -c unlimited" before starting Java again
#
# If you would like to submit a bug report, please visit:
#   http://bugreport.java.com/bugreport/crash.jsp
#

---------------  T H R E A D  ---------------

Current thread (0x00007ff03c830000):  JavaThread "AWT-EventQueue-0" [_thread_in_vm, id=48643, stack(0x000000012e484000,0x000000012e584000)]

siginfo: si_signo: 11 (SIGSEGV), si_code: 1 (SEGV_MAPERR), si_addr: 0xffffffff0000001e

Registers:
RAX=0x000000010b70a540, RBX=0x00007ff03c830000, RCX=0x000000010b640310, RDX=0x0000000000000042
RSP=0x000000012e581080, RBP=0x000000012e581080, RSI=0x00007ff03c830000, RDI=0xffffffff0000001e
R8 =0x000000000000000c, R9 =0x00000006c6459678, R10=0x0000000000000240, R11=0x000000010b70a760
R12=0x0000000000000000, R13=0x000000018701dab8, R14=0xffffffff0000001e, R15=0x00007ff03c830000
RIP=0x000000010b3a5050, EFLAGS=0x0000000000010286, ERR=0x0000000000000004
  TRAPNO=0x000000000000000e

Top of Stack: (sp=0x000000012e581080)
0x000000012e581080:   000000012e5810b0 000000010b11d1fb
0x000000012e581090:   00007ff03c830000 00007ff03c830000
0x000000012e5810a0:   00007ff03c8301f8 00007ff03c830000
0x000000012e5810b0:   000000012e5810d0 000000010b11d262
0x000000012e5810c0:   ffffffff0000001e ffffffff0000001e
0x000000012e5810d0:   000000012e581130 000000010b146e57
0x000000012e5810e0:   000000012e5811b8 00007ff03c830000
0x000000012e5810f0:   0000000000000000 000000012f129553
0x000000012e581100:   00007ff03c8301f8 00007ff03c830000
0x000000012e581110:   00007ff03c830000 000000018701dab8
0x000000012e581120:   000000012e5811b8 00007ff03c830000
0x000000012e581130:   000000012e581190 000000010bfa5954
0x000000012e581140:   00007ff03c830000 000000010bfa5e5e
0x000000012e581150:   000000012e581150 000000018701dab8
0x000000012e581160:   000000012e5811b8 000000018701f1c8
0x000000012e581170:   0000000000000000 000000018701dab8
0x000000012e581180:   0000000000000000 000000012e5811b0
0x000000012e581190:   000000012e581200 000000010bf979d0
0x000000012e5811a0:   0000000000000000 000000010bf9f57b
0x000000012e5811b0:   000000000000007f 00000006c6459678
0x000000012e5811c0:   000000012e5811c0 000000018701db52
0x000000012e5811d0:   000000012e581218 000000018701f1c8
0x000000012e5811e0:   0000000000000000 000000018701db60
0x000000012e5811f0:   000000012e5811b0 000000012e581210
0x000000012e581200:   000000012e581260 000000010bf979d0
0x000000012e581210:   000000000000007f 00000006c6459678
0x000000012e581220:   000000012e581220 0000000178bef144
0x000000012e581230:   000000012e5812f8 0000000178c77918
0x000000012e581240:   0000000000000000 0000000178bef398
0x000000012e581250:   000000012e581210 000000012e5812a8
0x000000012e581260:   000000012e581340 000000010bf97c4d
0x000000012e581270:   000000076b3b29e8 000000076b3b2738 

Instructions: (pc=0x000000010b3a5050)
0x000000010b3a5030:   81 e2 c0 00 00 00 81 fa 80 00 00 00 0f 44 f1 48
0x000000010b3a5040:   ff c7 48 ff c8 75 e3 89 f0 5d c3 90 55 48 89 e5
0x000000010b3a5050:   8a 0f 84 c9 75 04 31 c0 5d c3 48 ff c7 31 c0 0f
0x000000010b3a5060:   b6 c9 81 e1 c0 00 00 00 81 f9 80 00 00 00 0f 95 

Register to memory mapping:

RAX=0x000000010b70a540: _ZN20SafepointSynchronize6_stateE+0 in /Library/Java/JavaVirtualMachines/jdk1.8.0_60.jdk/Contents/Home/jre/lib/server/libjvm.dylib at 0x000000010ae2b000
RBX=0x00007ff03c830000 is a thread
RCX=0x000000010b640310: UseMembar+0 in /Library/Java/JavaVirtualMachines/jdk1.8.0_60.jdk/Contents/Home/jre/lib/server/libjvm.dylib at 0x000000010ae2b000
RDX=0x0000000000000042 is an unknown value
RSP=0x000000012e581080 is pointing into the stack for thread: 0x00007ff03c830000
RBP=0x000000012e581080 is pointing into the stack for thread: 0x00007ff03c830000
RSI=0x00007ff03c830000 is a thread
RDI=0xffffffff0000001e is an unknown value
R8 =0x000000000000000c is an unknown value
R9 =0x00000006c6459678 is an oop
vtk.vtkStringArray 
 - klass: 'vtk/vtkStringArray'
R10=0x0000000000000240 is an unknown value
R11=0x000000010b70a760: _ZN20SafepointSynchronize18_safepoint_counterE+0 in /Library/Java/JavaVirtualMachines/jdk1.8.0_60.jdk/Contents/Home/jre/lib/server/libjvm.dylib at 0x000000010ae2b000
R12=0x0000000000000000 is an unknown value
R13={method} {0x000000018701dab8} 'GetValue_17' '(I)Ljava/lang/String;' in 'vtk/vtkStringArray'
R14=0xffffffff0000001e is an unknown value
R15=0x00007ff03c830000 is a thread


Stack: [0x000000012e484000,0x000000012e584000],  sp=0x000000012e581080,  free space=1012k
Native frames: (J=compiled Java code, j=interpreted, Vv=VM code, C=native code)
V  [libjvm.dylib+0x57a050]
V  [libjvm.dylib+0x2f21fb]
V  [libjvm.dylib+0x2f2262]
V  [libjvm.dylib+0x31be57]
j  vtk.vtkStringArray.GetValue_17(I)Ljava/lang/String;+0
j  vtk.vtkStringArray.GetValue(I)Ljava/lang/String;+2
j  edu.jhuapl.near.model.LidarTreeSearchDataCollection.setLidarData(Ljava/lang/String;DDLjava/util/TreeSet;Ledu/jhuapl/near/model/PointInRegionChecker;DI)V+60
j  edu.jhuapl.near.gui.LidarSearchPanel.showData(Ljava/util/TreeSet;[DD)V+179
j  edu.jhuapl.near.gui.LidarTreeSearchPanel.submitButtonActionPerformed(Ljava/awt/event/ActionEvent;)V+317
j  edu.jhuapl.near.gui.LidarSearchPanel$10.actionPerformed(Ljava/awt/event/ActionEvent;)V+5
j  javax.swing.AbstractButton.fireActionPerformed(Ljava/awt/event/ActionEvent;)V+83
j  javax.swing.AbstractButton$Handler.actionPerformed(Ljava/awt/event/ActionEvent;)V+5
j  javax.swing.DefaultButtonModel.fireActionPerformed(Ljava/awt/event/ActionEvent;)V+34
j  javax.swing.DefaultButtonModel.setPressed(Z)V+117
j  javax.swing.plaf.basic.BasicButtonListener.mouseReleased(Ljava/awt/event/MouseEvent;)V+35
j  java.awt.Component.processMouseEvent(Ljava/awt/event/MouseEvent;)V+64
j  javax.swing.JComponent.processMouseEvent(Ljava/awt/event/MouseEvent;)V+23
J 2395 C1 java.awt.Component.processEvent(Ljava/awt/AWTEvent;)V (220 bytes) @ 0x000000010c73059c [0x000000010c730080+0x51c]
J 1692 C1 java.awt.Container.processEvent(Ljava/awt/AWTEvent;)V (22 bytes) @ 0x000000010c536804 [0x000000010c5364e0+0x324]
J 2394 C1 java.awt.Component.dispatchEventImpl(Ljava/awt/AWTEvent;)V (883 bytes) @ 0x000000010c7571bc [0x000000010c751ca0+0x551c]
J 1580 C1 java.awt.Container.dispatchEventImpl(Ljava/awt/AWTEvent;)V (129 bytes) @ 0x000000010c4d8ddc [0x000000010c4d8c20+0x1bc]
J 3327 C1 java.awt.LightweightDispatcher.retargetMouseEvent(Ljava/awt/Component;ILjava/awt/event/MouseEvent;)V (350 bytes) @ 0x000000010c6c557c [0x000000010c6c3020+0x255c]
j  java.awt.LightweightDispatcher.processMouseEvent(Ljava/awt/event/MouseEvent;)Z+155
j  java.awt.LightweightDispatcher.dispatchEvent(Ljava/awt/AWTEvent;)Z+50
J 1580 C1 java.awt.Container.dispatchEventImpl(Ljava/awt/AWTEvent;)V (129 bytes) @ 0x000000010c4d8d7c [0x000000010c4d8c20+0x15c]
j  java.awt.Window.dispatchEventImpl(Ljava/awt/AWTEvent;)V+19
J 2371 C1 java.awt.EventQueue.dispatchEventImpl(Ljava/awt/AWTEvent;Ljava/lang/Object;)V (149 bytes) @ 0x000000010c71f32c [0x000000010c71da00+0x192c]
J 2179 C1 java.awt.EventQueue$3.run()Ljava/lang/Void; (60 bytes) @ 0x000000010c6b7054 [0x000000010c6b6e40+0x214]
J 2178 C1 java.awt.EventQueue$3.run()Ljava/lang/Object; (5 bytes) @ 0x000000010c6b6afc [0x000000010c6b6a80+0x7c]
v  ~StubRoutines::call_stub
V  [libjvm.dylib+0x2eab0e]
V  [libjvm.dylib+0x34afd8]
J 2157  java.security.AccessController.doPrivileged(Ljava/security/PrivilegedAction;Ljava/security/AccessControlContext;)Ljava/lang/Object; (0 bytes) @ 0x000000010c6a2215 [0x000000010c6a2140+0xd5]
J 2183 C1 java.awt.EventQueue$4.run()Ljava/lang/Object; (5 bytes) @ 0x000000010c6bac6c [0x000000010c6ba840+0x42c]
v  ~StubRoutines::call_stub
V  [libjvm.dylib+0x2eab0e]
V  [libjvm.dylib+0x34afd8]
J 2157  java.security.AccessController.doPrivileged(Ljava/security/PrivilegedAction;Ljava/security/AccessControlContext;)Ljava/lang/Object; (0 bytes) @ 0x000000010c6a2215 [0x000000010c6a2140+0xd5]
J 2173 C1 java.awt.EventQueue.dispatchEvent(Ljava/awt/AWTEvent;)V (80 bytes) @ 0x000000010c6b444c [0x000000010c6b35c0+0xe8c]
J 2166 C1 java.awt.EventDispatchThread.pumpOneEventForFilters(I)V (295 bytes) @ 0x000000010c6adffc [0x000000010c6ac480+0x1b7c]
j  java.awt.EventDispatchThread.pumpEventsForFilter(ILjava/awt/Conditional;Ljava/awt/EventFilter;)V+35
j  java.awt.EventDispatchThread.pumpEventsForHierarchy(ILjava/awt/Conditional;Ljava/awt/Component;)V+11
j  java.awt.EventDispatchThread.pumpEvents(ILjava/awt/Conditional;)V+4
j  java.awt.EventDispatchThread.pumpEvents(Ljava/awt/Conditional;)V+3
j  java.awt.EventDispatchThread.run()V+9
v  ~StubRoutines::call_stub
V  [libjvm.dylib+0x2eab0e]
V  [libjvm.dylib+0x2eb29c]
V  [libjvm.dylib+0x2eb448]
V  [libjvm.dylib+0x345965]
V  [libjvm.dylib+0x5612d3]
V  [libjvm.dylib+0x5629ce]
V  [libjvm.dylib+0x48343a]
C  [libsystem_c.dylib+0x14772]  _pthread_start+0x147
C  [libsystem_c.dylib+0x11a1]  thread_start+0xd
C  0x0000000000000000

Java frames: (J=compiled Java code, j=interpreted, Vv=VM code)
j  vtk.vtkStringArray.GetValue_17(I)Ljava/lang/String;+0
j  vtk.vtkStringArray.GetValue(I)Ljava/lang/String;+2
j  edu.jhuapl.near.model.LidarTreeSearchDataCollection.setLidarData(Ljava/lang/String;DDLjava/util/TreeSet;Ledu/jhuapl/near/model/PointInRegionChecker;DI)V+60
j  edu.jhuapl.near.gui.LidarSearchPanel.showData(Ljava/util/TreeSet;[DD)V+179
j  edu.jhuapl.near.gui.LidarTreeSearchPanel.submitButtonActionPerformed(Ljava/awt/event/ActionEvent;)V+317
j  edu.jhuapl.near.gui.LidarSearchPanel$10.actionPerformed(Ljava/awt/event/ActionEvent;)V+5
j  javax.swing.AbstractButton.fireActionPerformed(Ljava/awt/event/ActionEvent;)V+83
j  javax.swing.AbstractButton$Handler.actionPerformed(Ljava/awt/event/ActionEvent;)V+5
j  javax.swing.DefaultButtonModel.fireActionPerformed(Ljava/awt/event/ActionEvent;)V+34
j  javax.swing.DefaultButtonModel.setPressed(Z)V+117
j  javax.swing.plaf.basic.BasicButtonListener.mouseReleased(Ljava/awt/event/MouseEvent;)V+35
j  java.awt.Component.processMouseEvent(Ljava/awt/event/MouseEvent;)V+64
j  javax.swing.JComponent.processMouseEvent(Ljava/awt/event/MouseEvent;)V+23
J 2395 C1 java.awt.Component.processEvent(Ljava/awt/AWTEvent;)V (220 bytes) @ 0x000000010c73059c [0x000000010c730080+0x51c]
J 1692 C1 java.awt.Container.processEvent(Ljava/awt/AWTEvent;)V (22 bytes) @ 0x000000010c536804 [0x000000010c5364e0+0x324]
J 2394 C1 java.awt.Component.dispatchEventImpl(Ljava/awt/AWTEvent;)V (883 bytes) @ 0x000000010c7571bc [0x000000010c751ca0+0x551c]
J 1580 C1 java.awt.Container.dispatchEventImpl(Ljava/awt/AWTEvent;)V (129 bytes) @ 0x000000010c4d8ddc [0x000000010c4d8c20+0x1bc]
J 3327 C1 java.awt.LightweightDispatcher.retargetMouseEvent(Ljava/awt/Component;ILjava/awt/event/MouseEvent;)V (350 bytes) @ 0x000000010c6c557c [0x000000010c6c3020+0x255c]
j  java.awt.LightweightDispatcher.processMouseEvent(Ljava/awt/event/MouseEvent;)Z+155
j  java.awt.LightweightDispatcher.dispatchEvent(Ljava/awt/AWTEvent;)Z+50
J 1580 C1 java.awt.Container.dispatchEventImpl(Ljava/awt/AWTEvent;)V (129 bytes) @ 0x000000010c4d8d7c [0x000000010c4d8c20+0x15c]
j  java.awt.Window.dispatchEventImpl(Ljava/awt/AWTEvent;)V+19
J 2371 C1 java.awt.EventQueue.dispatchEventImpl(Ljava/awt/AWTEvent;Ljava/lang/Object;)V (149 bytes) @ 0x000000010c71f32c [0x000000010c71da00+0x192c]
J 2179 C1 java.awt.EventQueue$3.run()Ljava/lang/Void; (60 bytes) @ 0x000000010c6b7054 [0x000000010c6b6e40+0x214]
J 2178 C1 java.awt.EventQueue$3.run()Ljava/lang/Object; (5 bytes) @ 0x000000010c6b6afc [0x000000010c6b6a80+0x7c]
v  ~StubRoutines::call_stub
J 2157  java.security.AccessController.doPrivileged(Ljava/security/PrivilegedAction;Ljava/security/AccessControlContext;)Ljava/lang/Object; (0 bytes) @ 0x000000010c6a21a3 [0x000000010c6a2140+0x63]
J 2183 C1 java.awt.EventQueue$4.run()Ljava/lang/Object; (5 bytes) @ 0x000000010c6bac6c [0x000000010c6ba840+0x42c]
v  ~StubRoutines::call_stub
J 2157  java.security.AccessController.doPrivileged(Ljava/security/PrivilegedAction;Ljava/security/AccessControlContext;)Ljava/lang/Object; (0 bytes) @ 0x000000010c6a21a3 [0x000000010c6a2140+0x63]
J 2173 C1 java.awt.EventQueue.dispatchEvent(Ljava/awt/AWTEvent;)V (80 bytes) @ 0x000000010c6b444c [0x000000010c6b35c0+0xe8c]
J 2166 C1 java.awt.EventDispatchThread.pumpOneEventForFilters(I)V (295 bytes) @ 0x000000010c6adffc [0x000000010c6ac480+0x1b7c]
j  java.awt.EventDispatchThread.pumpEventsForFilter(ILjava/awt/Conditional;Ljava/awt/EventFilter;)V+35
j  java.awt.EventDispatchThread.pumpEventsForHierarchy(ILjava/awt/Conditional;Ljava/awt/Component;)V+11
j  java.awt.EventDispatchThread.pumpEvents(ILjava/awt/Conditional;)V+4
j  java.awt.EventDispatchThread.pumpEvents(Ljava/awt/Conditional;)V+3
j  java.awt.EventDispatchThread.run()V+9
v  ~StubRoutines::call_stub

---------------  P R O C E S S  ---------------

Java Threads: ( => current thread )
  0x00007ff046044800 JavaThread "Keep-Alive-Timer" daemon [_thread_blocked, id=64315, stack(0x0000000181a77000,0x0000000181b77000)]
  0x00007ff03e9de000 JavaThread "TimerQueue" daemon [_thread_blocked, id=52739, stack(0x0000000174a98000,0x0000000174b98000)]
  0x00007ff03b9d4000 JavaThread "pool-2-thread-1" [_thread_blocked, id=49675, stack(0x000000013314f000,0x000000013324f000)]
  0x00007ff03c0f0800 JavaThread "DestroyJavaVM" [_thread_blocked, id=6659, stack(0x000000010bdb5000,0x000000010beb5000)]
=>0x00007ff03c830000 JavaThread "AWT-EventQueue-0" [_thread_in_vm, id=48643, stack(0x000000012e484000,0x000000012e584000)]
  0x00007ff03b9b2000 JavaThread "Java2D Disposer" daemon [_thread_blocked, id=47619, stack(0x000000012dd88000,0x000000012de88000)]
  0x00007ff03a8d8000 JavaThread "Java2D Queue Flusher" daemon [_thread_blocked, id=43019, stack(0x000000012c816000,0x000000012c916000)]
  0x00007ff03e87b000 JavaThread "AWT-Shutdown" [_thread_blocked, id=32771, stack(0x000000012996e000,0x0000000129a6e000)]
  0x00007ff03e00d800 JavaThread "AWT-AppKit" daemon [_thread_in_native, id=4103, stack(0x00007fff54703000,0x00007fff54f03000)]
  0x00007ff03a849000 JavaThread "Service Thread" daemon [_thread_blocked, id=26627, stack(0x0000000128248000,0x0000000128348000)]
  0x00007ff03a840000 JavaThread "C1 CompilerThread3" daemon [_thread_blocked, id=26115, stack(0x0000000128145000,0x0000000128245000)]
  0x00007ff03a83f800 JavaThread "C2 CompilerThread2" daemon [_thread_blocked, id=25603, stack(0x0000000128042000,0x0000000128142000)]
  0x00007ff03a83e800 JavaThread "C2 CompilerThread1" daemon [_thread_blocked, id=25091, stack(0x0000000127f3f000,0x000000012803f000)]
  0x00007ff03a832800 JavaThread "C2 CompilerThread0" daemon [_thread_blocked, id=24579, stack(0x0000000127e3c000,0x0000000127f3c000)]
  0x00007ff03a832000 JavaThread "Signal Dispatcher" daemon [_thread_blocked, id=24067, stack(0x0000000127d39000,0x0000000127e39000)]
  0x00007ff03c063000 JavaThread "Finalizer" daemon [_thread_blocked, id=19203, stack(0x0000000127a65000,0x0000000127b65000)]
  0x00007ff03c062800 JavaThread "Reference Handler" daemon [_thread_blocked, id=18691, stack(0x0000000127962000,0x0000000127a62000)]

Other Threads:
  0x00007ff03c05f800 VMThread [stack: 0x000000012785f000,0x000000012795f000] [id=18179]
  0x00007ff03a81b000 WatcherThread [stack: 0x000000012834b000,0x000000012844b000] [id=27139]

VM state:not at safepoint (normal execution)

VM Mutex/Monitor currently owned by a thread: None

Heap:
 PSYoungGen      total 90624K, used 25255K [0x000000076ab00000, 0x0000000779d80000, 0x00000007c0000000)
  eden space 79872K, 18% used [0x000000076ab00000,0x000000076b92ecb0,0x000000076f900000)
  from space 10752K, 99% used [0x0000000773880000,0x00000007742fb258,0x0000000774300000)
  to   space 65024K, 0% used [0x000000076f900000,0x000000076f900000,0x0000000773880000)
 ParOldGen       total 365568K, used 156469K [0x00000006c0000000, 0x00000006d6500000, 0x000000076ab00000)
  object space 365568K, 42% used [0x00000006c0000000,0x00000006c98cd6c0,0x00000006d6500000)
 Metaspace       used 30347K, capacity 30678K, committed 31024K, reserved 1077248K
  class space    used 3724K, capacity 3809K, committed 3888K, reserved 1048576K

Card table byte_map: [0x000000011b350000,0x000000011bb51000] byte_map_base: 0x0000000117d50000

Marking Bits: (ParMarkBitMap*) 0x000000010b709e20
 Begin Bits: [0x000000011c8bf000, 0x00000001208bf000)
 End Bits:   [0x00000001208bf000, 0x00000001248bf000)

Polling page: 0x000000010befa000

CodeCache: size=245760Kb used=10613Kb max_used=11010Kb free=235146Kb
 bounds [0x000000010bf90000, 0x000000010ca70000, 0x000000011af90000]
 total_blobs=4415 nmethods=3446 adapters=880
 compilation: enabled

Compilation events (10 events):
Event: 31.645 Thread 0x00007ff03a840000 nmethod 3816 0x000000010c25d190 code [0x000000010c25d2e0, 0x000000010c25d410]
Event: 31.964 Thread 0x00007ff03a83f800 3819       4       java.io.BufferedInputStream::getBufIfOpen (21 bytes)
Event: 31.965 Thread 0x00007ff03a83f800 nmethod 3819 0x000000010c5e4910 code [0x000000010c5e4a60, 0x000000010c5e4ad8]
Event: 31.970 Thread 0x00007ff03a840000 3820       3       java.io.OutputStream::flush (1 bytes)
Event: 31.970 Thread 0x00007ff03a840000 nmethod 3820 0x000000010c289f10 code [0x000000010c28a060, 0x000000010c28a1b0]
Event: 32.201 Thread 0x00007ff03a840000 3821   !   3       java.io.PrintStream::flush (35 bytes)
Event: 32.201 Thread 0x00007ff03a840000 nmethod 3821 0x000000010c163790 code [0x000000010c163940, 0x000000010c163e98]
Event: 32.202 Thread 0x00007ff03a83e800 3822       4       sun.nio.cs.UTF_8$Encoder::encodeArrayLoop (489 bytes)
Event: 32.207 Thread 0x00007ff03a83e800 nmethod 3822 0x000000010c3f0310 code [0x000000010c3f04a0, 0x000000010c3f0978]
Event: 32.321 Thread 0x00007ff03a840000 3823       1       java.lang.StringCoding::scale (7 bytes)

GC Heap History (10 events):
Event: 22.778 GC heap before
{Heap before GC invocations=9 (full 4):
 PSYoungGen      total 90112K, used 79360K [0x000000076ab00000, 0x0000000770d80000, 0x00000007c0000000)
  eden space 79360K, 100% used [0x000000076ab00000,0x000000076f880000,0x000000076f880000)
  from space 10752K, 0% used [0x0000000770300000,0x0000000770300000,0x0000000770d80000)
  to   space 10752K, 0% used [0x000000076f880000,0x000000076f880000,0x0000000770300000)
 ParOldGen       total 125952K, used 15551K [0x00000006c0000000, 0x00000006c7b00000, 0x000000076ab00000)
  object space 125952K, 12% used [0x00000006c0000000,0x00000006c0f2fd50,0x00000006c7b00000)
 Metaspace       used 30261K, capacity 30614K, committed 31024K, reserved 1077248K
  class space    used 3722K, capacity 3809K, committed 3888K, reserved 1048576K
Event: 22.792 GC heap after
Heap after GC invocations=9 (full 4):
 PSYoungGen      total 90112K, used 10748K [0x000000076ab00000, 0x0000000771d00000, 0x00000007c0000000)
  eden space 79360K, 0% used [0x000000076ab00000,0x000000076ab00000,0x000000076f880000)
  from space 10752K, 99% used [0x000000076f880000,0x00000007702ff048,0x0000000770300000)
  to   space 10752K, 0% used [0x0000000771280000,0x0000000771280000,0x0000000771d00000)
 ParOldGen       total 125952K, used 30595K [0x00000006c0000000, 0x00000006c7b00000, 0x000000076ab00000)
  object space 125952K, 24% used [0x00000006c0000000,0x00000006c1de0c80,0x00000006c7b00000)
 Metaspace       used 30261K, capacity 30614K, committed 31024K, reserved 1077248K
  class space    used 3722K, capacity 3809K, committed 3888K, reserved 1048576K
}
Event: 26.182 GC heap before
{Heap before GC invocations=10 (full 4):
 PSYoungGen      total 90112K, used 90108K [0x000000076ab00000, 0x0000000771d00000, 0x00000007c0000000)
  eden space 79360K, 100% used [0x000000076ab00000,0x000000076f880000,0x000000076f880000)
  from space 10752K, 99% used [0x000000076f880000,0x00000007702ff048,0x0000000770300000)
  to   space 10752K, 0% used [0x0000000771280000,0x0000000771280000,0x0000000771d00000)
 ParOldGen       total 125952K, used 30595K [0x00000006c0000000, 0x00000006c7b00000, 0x000000076ab00000)
  object space 125952K, 24% used [0x00000006c0000000,0x00000006c1de0c80,0x00000006c7b00000)
 Metaspace       used 30277K, capacity 30614K, committed 31024K, reserved 1077248K
  class space    used 3722K, capacity 3809K, committed 3888K, reserved 1048576K
Event: 26.207 GC heap after
Heap after GC invocations=10 (full 4):
 PSYoungGen      total 105984K, used 10722K [0x000000076ab00000, 0x0000000772580000, 0x00000007c0000000)
  eden space 95232K, 0% used [0x000000076ab00000,0x000000076ab00000,0x0000000770800000)
  from space 10752K, 99% used [0x0000000771280000,0x0000000771cf8a48,0x0000000771d00000)
  to   space 10752K, 0% used [0x0000000770800000,0x0000000770800000,0x0000000771280000)
 ParOldGen       total 125952K, used 61924K [0x00000006c0000000, 0x00000006c7b00000, 0x000000076ab00000)
  object space 125952K, 49% used [0x00000006c0000000,0x00000006c3c79100,0x00000006c7b00000)
 Metaspace       used 30277K, capacity 30614K, committed 31024K, reserved 1077248K
  class space    used 3722K, capacity 3809K, committed 3888K, reserved 1048576K
}
Event: 28.793 GC heap before
{Heap before GC invocations=11 (full 4):
 PSYoungGen      total 105984K, used 105954K [0x000000076ab00000, 0x0000000772580000, 0x00000007c0000000)
  eden space 95232K, 100% used [0x000000076ab00000,0x0000000770800000,0x0000000770800000)
  from space 10752K, 99% used [0x0000000771280000,0x0000000771cf8a48,0x0000000771d00000)
  to   space 10752K, 0% used [0x0000000770800000,0x0000000770800000,0x0000000771280000)
 ParOldGen       total 125952K, used 61924K [0x00000006c0000000, 0x00000006c7b00000, 0x000000076ab00000)
  object space 125952K, 49% used [0x00000006c0000000,0x00000006c3c79100,0x00000006c7b00000)
 Metaspace       used 30307K, capacity 30614K, committed 31024K, reserved 1077248K
  class space    used 3722K, capacity 3809K, committed 3888K, reserved 1048576K
Event: 28.825 GC heap after
Heap after GC invocations=11 (full 4):
 PSYoungGen      total 105984K, used 10729K [0x000000076ab00000, 0x0000000774300000, 0x00000007c0000000)
  eden space 95232K, 0% used [0x000000076ab00000,0x000000076ab00000,0x0000000770800000)
  from space 10752K, 99% used [0x0000000770800000,0x000000077127a4c8,0x0000000771280000)
  to   space 10752K, 0% used [0x0000000773880000,0x0000000773880000,0x0000000774300000)
 ParOldGen       total 125952K, used 104741K [0x00000006c0000000, 0x00000006c7b00000, 0x000000076ab00000)
  object space 125952K, 83% used [0x00000006c0000000,0x00000006c66495c0,0x00000006c7b00000)
 Metaspace       used 30307K, capacity 30614K, committed 31024K, reserved 1077248K
  class space    used 3722K, capacity 3809K, committed 3888K, reserved 1048576K
}
Event: 28.825 GC heap before
{Heap before GC invocations=12 (full 5):
 PSYoungGen      total 105984K, used 10729K [0x000000076ab00000, 0x0000000774300000, 0x00000007c0000000)
  eden space 95232K, 0% used [0x000000076ab00000,0x000000076ab00000,0x0000000770800000)
  from space 10752K, 99% used [0x0000000770800000,0x000000077127a4c8,0x0000000771280000)
  to   space 10752K, 0% used [0x0000000773880000,0x0000000773880000,0x0000000774300000)
 ParOldGen       total 125952K, used 104741K [0x00000006c0000000, 0x00000006c7b00000, 0x000000076ab00000)
  object space 125952K, 83% used [0x00000006c0000000,0x00000006c66495c0,0x00000006c7b00000)
 Metaspace       used 30307K, capacity 30614K, committed 31024K, reserved 1077248K
  class space    used 3722K, capacity 3809K, committed 3888K, reserved 1048576K
Event: 29.338 GC heap after
Heap after GC invocations=12 (full 5):
 PSYoungGen      total 105984K, used 0K [0x000000076ab00000, 0x0000000774300000, 0x00000007c0000000)
  eden space 95232K, 0% used [0x000000076ab00000,0x000000076ab00000,0x0000000770800000)
  from space 10752K, 0% used [0x0000000770800000,0x0000000770800000,0x0000000771280000)
  to   space 10752K, 0% used [0x0000000773880000,0x0000000773880000,0x0000000774300000)
 ParOldGen       total 365568K, used 113268K [0x00000006c0000000, 0x00000006d6500000, 0x000000076ab00000)
  object space 365568K, 30% used [0x00000006c0000000,0x00000006c6e9d1c0,0x00000006d6500000)
 Metaspace       used 30307K, capacity 30614K, committed 31024K, reserved 1077248K
  class space    used 3722K, capacity 3809K, committed 3888K, reserved 1048576K
}
Event: 31.926 GC heap before
{Heap before GC invocations=13 (full 5):
 PSYoungGen      total 105984K, used 95232K [0x000000076ab00000, 0x0000000774300000, 0x00000007c0000000)
  eden space 95232K, 100% used [0x000000076ab00000,0x0000000770800000,0x0000000770800000)
  from space 10752K, 0% used [0x0000000770800000,0x0000000770800000,0x0000000771280000)
  to   space 10752K, 0% used [0x0000000773880000,0x0000000773880000,0x0000000774300000)
 ParOldGen       total 365568K, used 113268K [0x00000006c0000000, 0x00000006d6500000, 0x000000076ab00000)
  object space 365568K, 30% used [0x00000006c0000000,0x00000006c6e9d1c0,0x00000006d6500000)
 Metaspace       used 30335K, capacity 30678K, committed 31024K, reserved 1077248K
  class space    used 3722K, capacity 3809K, committed 3888K, reserved 1048576K
Event: 31.962 GC heap after
Heap after GC invocations=13 (full 5):
 PSYoungGen      total 90624K, used 10732K [0x000000076ab00000, 0x0000000779d80000, 0x00000007c0000000)
  eden space 79872K, 0% used [0x000000076ab00000,0x000000076ab00000,0x000000076f900000)
  from space 10752K, 99% used [0x0000000773880000,0x00000007742fb258,0x0000000774300000)
  to   space 65024K, 0% used [0x000000076f900000,0x000000076f900000,0x0000000773880000)
 ParOldGen       total 365568K, used 156469K [0x00000006c0000000, 0x00000006d6500000, 0x000000076ab00000)
  object space 365568K, 42% used [0x00000006c0000000,0x00000006c98cd6c0,0x00000006d6500000)
 Metaspace       used 30335K, capacity 30678K, committed 31024K, reserved 1077248K
  class space    used 3722K, capacity 3809K, committed 3888K, reserved 1048576K
}

Deoptimization events (10 events):
Event: 4.424 Thread 0x00007ff03c830000 Uncommon trap: reason=unstable_if action=reinterpret pc=0x000000010c6c0654 method=java.security.AccessControlContext.optimize()Ljava/security/AccessControlContext; @ 263
Event: 9.143 Thread 0x00007ff03c830000 Uncommon trap: reason=unstable_if action=reinterpret pc=0x000000010c1ac0fc method=java.io.UnixFileSystem.normalize(Ljava/lang/String;)Ljava/lang/String; @ 34
Event: 9.156 Thread 0x00007ff03c830000 Uncommon trap: reason=predicate action=maybe_recompile pc=0x000000010c2d853c method=sun.net.www.ParseUtil.encodePath(Ljava/lang/String;Z)Ljava/lang/String; @ 36
Event: 9.296 Thread 0x00007ff03c830000 Uncommon trap: reason=null_check action=make_not_entrant pc=0x000000010c5b40b8 method=java.awt.Component.isLightweight()Z @ 4
Event: 9.297 Thread 0x00007ff03c830000 Uncommon trap: reason=predicate action=maybe_recompile pc=0x000000010c6b0ca4 method=java.beans.ChangeListenerMap.remove(Ljava/lang/String;Ljava/util/EventListener;)V @ 35
Event: 9.334 Thread 0x00007ff03c830000 Uncommon trap: reason=unstable_if action=reinterpret pc=0x000000010c6a70d0 method=java.awt.AWTEventMulticaster.remove(Ljava/util/EventListener;)Ljava/util/EventListener; @ 18
Event: 9.334 Thread 0x00007ff03c830000 Uncommon trap: reason=unstable_if action=reinterpret pc=0x000000010c66cf90 method=java.awt.AWTEventMulticaster.remove(Ljava/util/EventListener;)Ljava/util/EventListener; @ 18
Event: 18.919 Thread 0x00007ff03c830000 Uncommon trap: reason=unstable_if action=reinterpret pc=0x000000010ca35564 method=edu.jhuapl.near.model.PointInCylinderChecker.checkPointIsInRegion([D)Z @ 32
Event: 19.016 Thread 0x00007ff03c830000 Uncommon trap: reason=unstable_if action=reinterpret pc=0x000000010ca39e5c method=java.io.DataInputStream.readFully([BII)V @ 41
Event: 19.167 Thread 0x00007ff03c830000 Uncommon trap: reason=unstable_if action=reinterpret pc=0x000000010ca37dd4 method=java.io.DataInputStream.readFully([BII)V @ 41

Internal exceptions (10 events):
Event: 19.017 Thread 0x00007ff03c830000 Exception <a 'java/net/SocketException': Socket closed> (0x000000076b8b39b8) thrown at [/Users/java_re/workspace/8-2-build-macosx-x86_64/jdk8u60/4407/hotspot/src/share/vm/prims/jni.cpp, line 735]
Event: 23.049 Thread 0x00007ff03c830000 Exception <a 'java/net/SocketException': Socket closed> (0x000000076b51a028) thrown at [/Users/java_re/workspace/8-2-build-macosx-x86_64/jdk8u60/4407/hotspot/src/share/vm/prims/jni.cpp, line 735]
Event: 23.049 Thread 0x00007ff03c830000 Exception <a 'java/net/SocketException': Socket closed> (0x000000076b51a850) thrown at [/Users/java_re/workspace/8-2-build-macosx-x86_64/jdk8u60/4407/hotspot/src/share/vm/prims/jni.cpp, line 735]
Event: 23.049 Thread 0x00007ff03c830000 Exception <a 'java/net/SocketException': Socket closed> (0x000000076b51b078) thrown at [/Users/java_re/workspace/8-2-build-macosx-x86_64/jdk8u60/4407/hotspot/src/share/vm/prims/jni.cpp, line 735]
Event: 26.213 Thread 0x00007ff03c830000 Exception <a 'java/net/SocketException': Socket closed> (0x000000076ab2aeb8) thrown at [/Users/java_re/workspace/8-2-build-macosx-x86_64/jdk8u60/4407/hotspot/src/share/vm/prims/jni.cpp, line 735]
Event: 26.213 Thread 0x00007ff03c830000 Exception <a 'java/net/SocketException': Socket closed> (0x000000076ab2b6e0) thrown at [/Users/java_re/workspace/8-2-build-macosx-x86_64/jdk8u60/4407/hotspot/src/share/vm/prims/jni.cpp, line 735]
Event: 26.213 Thread 0x00007ff03c830000 Exception <a 'java/net/SocketException': Socket closed> (0x000000076ab2bf08) thrown at [/Users/java_re/workspace/8-2-build-macosx-x86_64/jdk8u60/4407/hotspot/src/share/vm/prims/jni.cpp, line 735]
Event: 32.201 Thread 0x00007ff03c830000 Exception <a 'java/net/SocketException': Socket closed> (0x000000076b3b7578) thrown at [/Users/java_re/workspace/8-2-build-macosx-x86_64/jdk8u60/4407/hotspot/src/share/vm/prims/jni.cpp, line 735]
Event: 32.201 Thread 0x00007ff03c830000 Exception <a 'java/net/SocketException': Socket closed> (0x000000076b3b7da0) thrown at [/Users/java_re/workspace/8-2-build-macosx-x86_64/jdk8u60/4407/hotspot/src/share/vm/prims/jni.cpp, line 735]
Event: 32.201 Thread 0x00007ff03c830000 Exception <a 'java/net/SocketException': Socket closed> (0x000000076b3b85c8) thrown at [/Users/java_re/workspace/8-2-build-macosx-x86_64/jdk8u60/4407/hotspot/src/share/vm/prims/jni.cpp, line 735]

Events (10 events):
Event: 31.970 Executing VM operation: RevokeBias
Event: 31.970 Executing VM operation: RevokeBias done
Event: 32.199 loading class java/util/IdentityHashMap$EntrySet
Event: 32.199 loading class java/util/IdentityHashMap$EntrySet done
Event: 32.199 loading class java/util/AbstractMap$SimpleEntry
Event: 32.200 loading class java/util/AbstractMap$SimpleEntry done
Event: 32.200 loading class com/apple/eawt/_AppEventHandler$_AppEventMultiplexor$1
Event: 32.200 loading class com/apple/eawt/_AppEventHandler$_AppEventMultiplexor$1 done
Event: 32.200 Executing VM operation: RevokeBias
Event: 32.201 Executing VM operation: RevokeBias done


Dynamic libraries:
0x0000000003b58000 	/System/Library/Frameworks/Cocoa.framework/Versions/A/Cocoa
0x0000000003b58000 	/System/Library/Frameworks/Security.framework/Versions/A/Security
0x0000000003b58000 	/System/Library/Frameworks/ApplicationServices.framework/Versions/A/ApplicationServices
0x0000000003b58000 	/usr/lib/libz.1.dylib
0x0000000003b58000 	/usr/lib/libSystem.B.dylib
0x0000000003b58000 	/usr/lib/libobjc.A.dylib
0x0000000003b58000 	/System/Library/Frameworks/CoreFoundation.framework/Versions/A/CoreFoundation
0x0000000003b58000 	/System/Library/Frameworks/Foundation.framework/Versions/C/Foundation
0x0000000003b58000 	/System/Library/Frameworks/AppKit.framework/Versions/C/AppKit
0x0000000003b58000 	/System/Library/Frameworks/CoreData.framework/Versions/A/CoreData
0x0000000003b58000 	/System/Library/PrivateFrameworks/RemoteViewServices.framework/Versions/A/RemoteViewServices
0x0000000003b58000 	/System/Library/Frameworks/AudioToolbox.framework/Versions/A/AudioToolbox
0x0000000003b58000 	/System/Library/Frameworks/AudioUnit.framework/Versions/A/AudioUnit
0x0000000003b58000 	/System/Library/PrivateFrameworks/DataDetectorsCore.framework/Versions/A/DataDetectorsCore
0x0000000003b58000 	/System/Library/PrivateFrameworks/DesktopServicesPriv.framework/Versions/A/DesktopServicesPriv
0x0000000003b58000 	/System/Library/Frameworks/Carbon.framework/Versions/A/Frameworks/HIToolbox.framework/Versions/A/HIToolbox
0x0000000003b58000 	/System/Library/Frameworks/QuartzCore.framework/Versions/A/QuartzCore
0x0000000003b58000 	/System/Library/Frameworks/Carbon.framework/Versions/A/Frameworks/SpeechRecognition.framework/Versions/A/SpeechRecognition
0x0000000003b58000 	/usr/lib/libauto.dylib
0x0000000003b58000 	/usr/lib/libicucore.A.dylib
0x0000000003b58000 	/usr/lib/libxml2.2.dylib
0x0000000003b58000 	/System/Library/PrivateFrameworks/CoreUI.framework/Versions/A/CoreUI
0x0000000003b58000 	/System/Library/Frameworks/CoreAudio.framework/Versions/A/CoreAudio
0x0000000003b58000 	/System/Library/Frameworks/DiskArbitration.framework/Versions/A/DiskArbitration
0x0000000003b58000 	/usr/lib/liblangid.dylib
0x0000000003b58000 	/System/Library/PrivateFrameworks/MultitouchSupport.framework/Versions/A/MultitouchSupport
0x0000000003b58000 	/System/Library/Frameworks/IOKit.framework/Versions/A/IOKit
0x0000000003b58000 	/usr/lib/libDiagnosticMessagesClient.dylib
0x0000000003b58000 	/System/Library/Frameworks/CoreServices.framework/Versions/A/CoreServices
0x0000000003b58000 	/System/Library/PrivateFrameworks/PerformanceAnalysis.framework/Versions/A/PerformanceAnalysis
0x0000000003b58000 	/System/Library/PrivateFrameworks/GenerationalStorage.framework/Versions/A/GenerationalStorage
0x0000000003b58000 	/System/Library/Frameworks/OpenGL.framework/Versions/A/OpenGL
0x0000000003b58000 	/System/Library/Frameworks/CoreText.framework/Versions/A/CoreText
0x0000000003b58000 	/System/Library/Frameworks/ImageIO.framework/Versions/A/ImageIO
0x0000000003b58000 	/System/Library/PrivateFrameworks/Backup.framework/Versions/A/Backup
0x0000000003b58000 	/System/Library/Frameworks/CFNetwork.framework/Versions/A/CFNetwork
0x0000000003b58000 	/System/Library/Frameworks/SystemConfiguration.framework/Versions/A/SystemConfiguration
0x0000000003b58000 	/usr/lib/libCRFSuite.dylib
0x0000000003b58000 	/System/Library/PrivateFrameworks/TCC.framework/Versions/A/TCC
0x0000000003b58000 	/usr/lib/libc++.1.dylib
0x0000000003b58000 	/usr/lib/libc++abi.dylib
0x0000000003b58000 	/usr/lib/system/libcache.dylib
0x0000000003b58000 	/usr/lib/system/libcommonCrypto.dylib
0x0000000003b58000 	/usr/lib/system/libcompiler_rt.dylib
0x0000000003b58000 	/usr/lib/system/libcopyfile.dylib
0x0000000003b58000 	/usr/lib/system/libdispatch.dylib
0x0000000003b58000 	/usr/lib/system/libdnsinfo.dylib
0x0000000003b58000 	/usr/lib/system/libdyld.dylib
0x0000000003b58000 	/usr/lib/system/libkeymgr.dylib
0x0000000003b58000 	/usr/lib/system/liblaunch.dylib
0x0000000003b58000 	/usr/lib/system/libmacho.dylib
0x0000000003b58000 	/usr/lib/system/libquarantine.dylib
0x0000000003b58000 	/usr/lib/system/libremovefile.dylib
0x0000000003b58000 	/usr/lib/system/libsystem_blocks.dylib
0x0000000003b58000 	/usr/lib/system/libsystem_c.dylib
0x0000000003b58000 	/usr/lib/system/libsystem_dnssd.dylib
0x0000000003b58000 	/usr/lib/system/libsystem_info.dylib
0x0000000003b58000 	/usr/lib/system/libsystem_kernel.dylib
0x0000000003b58000 	/usr/lib/system/libsystem_m.dylib
0x0000000003b58000 	/usr/lib/system/libsystem_network.dylib
0x0000000003b58000 	/usr/lib/system/libsystem_notify.dylib
0x0000000003b58000 	/usr/lib/system/libsystem_sandbox.dylib
0x0000000003b58000 	/usr/lib/system/libunc.dylib
0x0000000003b58000 	/usr/lib/system/libunwind.dylib
0x0000000003b58000 	/usr/lib/system/libxpc.dylib
0x0000000003b58000 	/usr/lib/system/libcorecrypto.dylib
0x0000000003b58000 	/usr/lib/libstdc++.6.dylib
0x0000000003b58000 	/usr/lib/libbsm.0.dylib
0x0000000003b58000 	/usr/lib/libsqlite3.dylib
0x0000000003b58000 	/usr/lib/libxar.1.dylib
0x0000000003b58000 	/usr/lib/libpam.2.dylib
0x0000000003b58000 	/usr/lib/libOpenScriptingUtil.dylib
0x0000000003b58000 	/usr/lib/libbz2.1.0.dylib
0x0000000003b58000 	/System/Library/Frameworks/CoreServices.framework/Versions/A/Frameworks/CarbonCore.framework/Versions/A/CarbonCore
0x0000000003b58000 	/System/Library/Frameworks/CoreServices.framework/Versions/A/Frameworks/Metadata.framework/Versions/A/Metadata
0x0000000003b58000 	/System/Library/Frameworks/CoreServices.framework/Versions/A/Frameworks/OSServices.framework/Versions/A/OSServices
0x0000000003b58000 	/System/Library/Frameworks/CoreServices.framework/Versions/A/Frameworks/SearchKit.framework/Versions/A/SearchKit
0x0000000003b58000 	/System/Library/Frameworks/CoreServices.framework/Versions/A/Frameworks/AE.framework/Versions/A/AE
0x0000000003b58000 	/System/Library/Frameworks/CoreServices.framework/Versions/A/Frameworks/LaunchServices.framework/Versions/A/LaunchServices
0x0000000003b58000 	/System/Library/Frameworks/CoreServices.framework/Versions/A/Frameworks/DictionaryServices.framework/Versions/A/DictionaryServices
0x0000000003b58000 	/System/Library/Frameworks/NetFS.framework/Versions/A/NetFS
0x0000000003b58000 	/usr/lib/system/libkxld.dylib
0x0000000003b58000 	/System/Library/PrivateFrameworks/NetAuth.framework/Versions/A/NetAuth
0x0000000003b58000 	/System/Library/Frameworks/OpenDirectory.framework/Versions/A/Frameworks/CFOpenDirectory.framework/Versions/A/CFOpenDirectory
0x0000000003b58000 	/usr/lib/libxslt.1.dylib
0x0000000003b58000 	/System/Library/PrivateFrameworks/FamilyControls.framework/Versions/A/FamilyControls
0x0000000003b58000 	/System/Library/Frameworks/Carbon.framework/Versions/A/Frameworks/Ink.framework/Versions/A/Ink
0x0000000003b58000 	/System/Library/Frameworks/ApplicationServices.framework/Versions/A/Frameworks/CoreGraphics.framework/Versions/A/CoreGraphics
0x0000000003b58000 	/System/Library/Frameworks/ApplicationServices.framework/Versions/A/Frameworks/ATS.framework/Versions/A/ATS
0x0000000003b58000 	/System/Library/Frameworks/ApplicationServices.framework/Versions/A/Frameworks/ColorSync.framework/Versions/A/ColorSync
0x0000000003b58000 	/System/Library/Frameworks/ApplicationServices.framework/Versions/A/Frameworks/HIServices.framework/Versions/A/HIServices
0x0000000003b58000 	/System/Library/Frameworks/ApplicationServices.framework/Versions/A/Frameworks/LangAnalysis.framework/Versions/A/LangAnalysis
0x0000000003b58000 	/System/Library/Frameworks/ApplicationServices.framework/Versions/A/Frameworks/PrintCore.framework/Versions/A/PrintCore
0x0000000003b58000 	/System/Library/Frameworks/ApplicationServices.framework/Versions/A/Frameworks/QD.framework/Versions/A/QD
0x0000000003b58000 	/System/Library/Frameworks/ApplicationServices.framework/Versions/A/Frameworks/SpeechSynthesis.framework/Versions/A/SpeechSynthesis
0x0000000003b58000 	/System/Library/Frameworks/IOSurface.framework/Versions/A/IOSurface
0x0000000003b58000 	/System/Library/Frameworks/Accelerate.framework/Versions/A/Accelerate
0x0000000003b58000 	/System/Library/Frameworks/ApplicationServices.framework/Versions/A/Frameworks/ATS.framework/Versions/A/Resources/libFontParser.dylib
0x0000000003b58000 	/System/Library/Frameworks/ApplicationServices.framework/Versions/A/Frameworks/ATS.framework/Versions/A/Resources/libFontRegistry.dylib
0x0000000003b58000 	/System/Library/Frameworks/Accelerate.framework/Versions/A/Frameworks/vImage.framework/Versions/A/vImage
0x0000000003b58000 	/System/Library/Frameworks/Accelerate.framework/Versions/A/Frameworks/vecLib.framework/Versions/A/vecLib
0x0000000003b58000 	/System/Library/Frameworks/Accelerate.framework/Versions/A/Frameworks/vecLib.framework/Versions/A/libvDSP.dylib
0x0000000003b58000 	/System/Library/Frameworks/Accelerate.framework/Versions/A/Frameworks/vecLib.framework/Versions/A/libvMisc.dylib
0x0000000003b58000 	/System/Library/Frameworks/Accelerate.framework/Versions/A/Frameworks/vecLib.framework/Versions/A/libLAPACK.dylib
0x0000000003b58000 	/System/Library/Frameworks/Accelerate.framework/Versions/A/Frameworks/vecLib.framework/Versions/A/libBLAS.dylib
0x0000000003b58000 	/System/Library/Frameworks/ImageIO.framework/Versions/A/Resources/libJPEG.dylib
0x0000000003b58000 	/System/Library/Frameworks/ImageIO.framework/Versions/A/Resources/libTIFF.dylib
0x0000000003b58000 	/System/Library/Frameworks/ImageIO.framework/Versions/A/Resources/libPng.dylib
0x0000000003b58000 	/System/Library/Frameworks/ImageIO.framework/Versions/A/Resources/libGIF.dylib
0x0000000003b58000 	/System/Library/Frameworks/ImageIO.framework/Versions/A/Resources/libJP2.dylib
0x0000000003b58000 	/System/Library/Frameworks/ImageIO.framework/Versions/A/Resources/libRadiance.dylib
0x0000000003b58000 	/usr/lib/libcups.2.dylib
0x0000000003b58000 	/System/Library/Frameworks/Kerberos.framework/Versions/A/Kerberos
0x0000000003b58000 	/System/Library/Frameworks/GSS.framework/Versions/A/GSS
0x0000000003b58000 	/usr/lib/libresolv.9.dylib
0x0000000003b58000 	/usr/lib/libiconv.2.dylib
0x0000000003b58000 	/System/Library/PrivateFrameworks/Heimdal.framework/Versions/A/Heimdal
0x0000000003b58000 	/System/Library/PrivateFrameworks/TrustEvaluationAgent.framework/Versions/A/TrustEvaluationAgent
0x0000000003b58000 	/System/Library/Frameworks/OpenDirectory.framework/Versions/A/OpenDirectory
0x0000000003b58000 	/System/Library/PrivateFrameworks/CommonAuth.framework/Versions/A/CommonAuth
0x0000000003b58000 	/System/Library/PrivateFrameworks/Bom.framework/Versions/A/Bom
0x0000000003b58000 	/System/Library/Frameworks/CoreVideo.framework/Versions/A/CoreVideo
0x0000000003b58000 	/System/Library/Frameworks/QuartzCore.framework/Versions/A/Frameworks/CoreImage.framework/Versions/A/CoreImage
0x0000000003b58000 	/System/Library/Frameworks/QuartzCore.framework/Versions/A/Frameworks/ScalableUserInterface.framework/Versions/A/ScalableUserInterface
0x0000000003b58000 	/System/Library/Frameworks/OpenGL.framework/Versions/A/Libraries/libGLU.dylib
0x0000000003b58000 	/System/Library/Frameworks/OpenGL.framework/Versions/A/Libraries/libGFXShared.dylib
0x0000000003b58000 	/System/Library/Frameworks/OpenGL.framework/Versions/A/Libraries/libGL.dylib
0x0000000003b58000 	/System/Library/Frameworks/OpenGL.framework/Versions/A/Libraries/libGLImage.dylib
0x0000000003b58000 	/System/Library/Frameworks/OpenGL.framework/Versions/A/Libraries/libCVMSPluginSupport.dylib
0x0000000003b58000 	/System/Library/Frameworks/OpenGL.framework/Versions/A/Libraries/libCoreVMClient.dylib
0x0000000003b58000 	/System/Library/PrivateFrameworks/CrashReporterSupport.framework/Versions/A/CrashReporterSupport
0x0000000003b58000 	/System/Library/Frameworks/OpenCL.framework/Versions/A/OpenCL
0x0000000003b58000 	/System/Library/PrivateFrameworks/FaceCoreLight.framework/Versions/A/FaceCoreLight
0x0000000003b58000 	/System/Library/PrivateFrameworks/AppleFSCompression.framework/Versions/A/AppleFSCompression
0x0000000003b58000 	/System/Library/PrivateFrameworks/Ubiquity.framework/Versions/A/Ubiquity
0x0000000003b58000 	/System/Library/Frameworks/ServiceManagement.framework/Versions/A/ServiceManagement
0x0000000003b58000 	/System/Library/PrivateFrameworks/ChunkingLibrary.framework/Versions/A/ChunkingLibrary
0x0000000003b58000 	/System/Library/Frameworks/vecLib.framework/Versions/A/vecLib
0x0000000003b58000 	/System/Library/Frameworks/SecurityFoundation.framework/Versions/A/SecurityFoundation
0x0000000003b58000 	/System/Library/PrivateFrameworks/CommerceKit.framework/Versions/A/Frameworks/CommerceCore.framework/Versions/A/CommerceCore
0x0000000003b58000 	/System/Library/PrivateFrameworks/CoreSymbolication.framework/Versions/A/CoreSymbolication
0x0000000003b58000 	/System/Library/PrivateFrameworks/Symbolication.framework/Versions/A/Symbolication
0x0000000003b58000 	/System/Library/PrivateFrameworks/DebugSymbols.framework/Versions/A/DebugSymbols
0x000000010ae2b000 	/Library/Java/JavaVirtualMachines/jdk1.8.0_60.jdk/Contents/Home/jre/lib/server/libjvm.dylib
0x000000010beb7000 	/Library/Java/JavaVirtualMachines/jdk1.8.0_60.jdk/Contents/Home/jre/lib/libverify.dylib
0x000000010bec5000 	/Library/Java/JavaVirtualMachines/jdk1.8.0_60.jdk/Contents/Home/jre/lib/libjava.dylib
0x000000010bf87000 	/Library/Java/JavaVirtualMachines/jdk1.8.0_60.jdk/Contents/Home/jre/lib/libzip.dylib
0x0000000127b67000 	/System/Library/Frameworks/JavaVM.framework/Frameworks/JavaRuntimeSupport.framework/JavaRuntimeSupport
0x0000000127b7f000 	/System/Library/Frameworks/JavaVM.framework/Versions/A/Frameworks/JavaNativeFoundation.framework/Versions/A/JavaNativeFoundation
0x0000000127b94000 	/System/Library/Frameworks/JavaVM.framework/Versions/A/JavaVM
0x0000000003b58000 	/System/Library/Frameworks/Carbon.framework/Versions/A/Carbon
0x0000000127ba1000 	/System/Library/PrivateFrameworks/JavaLaunching.framework/Versions/A/JavaLaunching
0x0000000003b58000 	/System/Library/Frameworks/Carbon.framework/Versions/A/Frameworks/CommonPanels.framework/Versions/A/CommonPanels
0x0000000003b58000 	/System/Library/Frameworks/Carbon.framework/Versions/A/Frameworks/Help.framework/Versions/A/Help
0x0000000003b58000 	/System/Library/Frameworks/Carbon.framework/Versions/A/Frameworks/ImageCapture.framework/Versions/A/ImageCapture
0x0000000003b58000 	/System/Library/Frameworks/Carbon.framework/Versions/A/Frameworks/OpenScripting.framework/Versions/A/OpenScripting
0x0000000003b58000 	/System/Library/Frameworks/Carbon.framework/Versions/A/Frameworks/Print.framework/Versions/A/Print
0x0000000003b58000 	/System/Library/Frameworks/Carbon.framework/Versions/A/Frameworks/SecurityHI.framework/Versions/A/SecurityHI
0x0000000128498000 	/Library/Java/JavaVirtualMachines/jdk1.8.0_60.jdk/Contents/Home/jre/lib/libawt.dylib
0x0000000128540000 	/Library/Java/JavaVirtualMachines/jdk1.8.0_60.jdk/Contents/Home/jre/lib/./libmlib_image.dylib
0x000000012860c000 	/Library/Java/JavaVirtualMachines/jdk1.8.0_60.jdk/Contents/Home/jre/lib/libawt_lwawt.dylib
0x00000001286c1000 	/Library/Java/JavaVirtualMachines/jdk1.8.0_60.jdk/Contents/Home/jre/lib/./libosxapp.dylib
0x00000001286dd000 	/System/Library/Frameworks/ExceptionHandling.framework/Versions/A/ExceptionHandling
0x0000000003b58000 	/System/Library/PrivateFrameworks/CoreServicesInternal.framework/Versions/A/CoreServicesInternal
0x0000000003b58000 	/System/Library/PrivateFrameworks/Librarian.framework/Versions/A/Librarian
0x0000000003b58000 	/System/Library/Frameworks/ApplicationServices.framework/Versions/A/Frameworks/CoreGraphics.framework/Versions/A/Resources/libCSync.A.dylib
0x0000000003b58000 	/System/Library/Frameworks/ApplicationServices.framework/Versions/A/Frameworks/CoreGraphics.framework/Versions/A/Resources/libRIP.A.dylib
0x0000000003b58000 	/System/Library/Frameworks/ApplicationServices.framework/Versions/A/Frameworks/CoreGraphics.framework/Versions/A/Resources/libCGXType.A.dylib
0x0000000129db3000 	/Library/Java/JavaVirtualMachines/jdk1.8.0_60.jdk/Contents/Home/jre/lib/libfontmanager.dylib
0x000000012c918000 	/System/Library/Frameworks/OpenGL.framework/Resources/GLEngine.bundle/GLEngine
0x000000012cb0d000 	/System/Library/Frameworks/OpenGL.framework/Versions/A/Libraries/libGLProgrammability.dylib
0x0000000000000000 	/System/Library/Extensions/GeForceGLDriver.bundle/Contents/MacOS/GeForceGLDriver
0x0000000129c73000 	/System/Library/PrivateFrameworks/GPUSupport.framework/Versions/A/Libraries/libGPUSupport.dylib
0x0000000003b58000 	/System/Library/Extensions/GeForceGLDriver.bundle/Contents/MacOS/libclh.dylib
0x000000012ccb5000 	/System/Library/Extensions/AppleIntelHD4000GraphicsGLDriver.bundle/Contents/MacOS/AppleIntelHD4000GraphicsGLDriver
0x0000000129c88000 	/System/Library/PrivateFrameworks/IOAccelerator.framework/Versions/A/IOAccelerator
0x0000000129e1a000 	/System/Library/PrivateFrameworks/GPUSupport.framework/Versions/A/Libraries/libGPUSupportMercury.dylib
0x000000012d6b0000 	/System/Library/Frameworks/OpenGL.framework/Resources//GLRendererFloat.bundle/GLRendererFloat
0x0000000129e2e000 	/System/Library/Frameworks/OpenCL.framework/Versions/A/Libraries/libcldcpuengine.dylib
0x0000000003b58000 	/System/Library/PrivateFrameworks/DiskImages.framework/Versions/A/DiskImages
0x0000000003b58000 	/System/Library/Frameworks/DiscRecording.framework/Versions/A/DiscRecording
0x0000000003b58000 	/usr/lib/libcurl.4.dylib
0x0000000003b58000 	/System/Library/PrivateFrameworks/MediaKit.framework/Versions/A/MediaKit
0x0000000003b58000 	/usr/lib/libssl.0.9.8.dylib
0x0000000003b58000 	/usr/lib/libcrypto.0.9.8.dylib
0x0000000003b58000 	/System/Library/Frameworks/LDAP.framework/Versions/A/LDAP
0x0000000003b58000 	/usr/lib/libsasl2.2.dylib
0x000000012e586000 	/Library/Java/JavaVirtualMachines/jdk1.8.0_60.jdk/Contents/Home/jre/lib/libjawt.dylib
0x000000012e756000 	/Users/zimmemi1/git/sbmt_vtklibs/libvtkChartsCoreJava.jnilib
0x000000012e791000 	/Users/zimmemi1/git/sbmt_vtklibs/libvtkChartsCore-6.2.jnilib
0x000000012e88a000 	/Users/zimmemi1/git/sbmt_vtklibs/libvtkRenderingContext2DJava.jnilib
0x000000012e8a5000 	/Users/zimmemi1/git/sbmt_vtklibs/libvtkRenderingContext2D-6.2.jnilib
0x000000012e8d5000 	/Users/zimmemi1/git/sbmt_vtklibs/libvtkRenderingCoreJava.jnilib
0x000000012e987000 	/Users/zimmemi1/git/sbmt_vtklibs/libvtkRenderingCore-6.2.jnilib
0x000000012eb1b000 	/Users/zimmemi1/git/sbmt_vtklibs/libvtkCommonColorJava.jnilib
0x000000012eb25000 	/Users/zimmemi1/git/sbmt_vtklibs/libvtkCommonColor-6.2.jnilib
0x000000012eb41000 	/Users/zimmemi1/git/sbmt_vtklibs/libvtkCommonExecutionModelJava.jnilib
0x000000012eb79000 	/Users/zimmemi1/git/sbmt_vtklibs/libvtkCommonExecutionModel-6.2.jnilib
0x000000012ec10000 	/Users/zimmemi1/git/sbmt_vtklibs/libvtkCommonDataModelJava.jnilib
0x000000012ed0f000 	/Users/zimmemi1/git/sbmt_vtklibs/libvtkCommonDataModel-6.2.jnilib
0x000000012f028000 	/Users/zimmemi1/git/sbmt_vtklibs/libvtkCommonMiscJava.jnilib
0x000000012f031000 	/Users/zimmemi1/git/sbmt_vtklibs/libvtkCommonMisc-6.2.jnilib
0x000000012f046000 	/Users/zimmemi1/git/sbmt_vtklibs/libvtkCommonSystemJava.jnilib
0x000000012f050000 	/Users/zimmemi1/git/sbmt_vtklibs/libvtkCommonSystem-6.2.jnilib
0x000000012f065000 	/Users/zimmemi1/git/sbmt_vtklibs/libvtkCommonTransformsJava.jnilib
0x000000012f07e000 	/Users/zimmemi1/git/sbmt_vtklibs/libvtkCommonTransforms-6.2.jnilib
0x000000012f0ac000 	/Users/zimmemi1/git/sbmt_vtklibs/libvtkCommonMathJava.jnilib
0x000000012f0be000 	/Users/zimmemi1/git/sbmt_vtklibs/libvtkCommonCoreJava.jnilib
0x000000012f127000 	/Users/zimmemi1/git/sbmt_vtklibs/libvtkWrappingJava.jnilib
0x000000012f12f000 	/Users/zimmemi1/git/sbmt_vtklibs/libvtkCommonMath-6.2.jnilib
0x000000012f151000 	/Users/zimmemi1/git/sbmt_vtklibs/libvtkCommonCore-6.2.jnilib
0x000000012f565000 	/Users/zimmemi1/git/sbmt_vtklibs/libvtkInfovisCore-6.2.jnilib
0x000000012f62c000 	/Users/zimmemi1/git/sbmt_vtklibs/libvtkFiltersExtraction-6.2.jnilib
0x000000012f6f4000 	/Users/zimmemi1/git/sbmt_vtklibs/libvtkFiltersStatistics-6.2.jnilib
0x000000012f75f000 	/Users/zimmemi1/git/sbmt_vtklibs/libvtkImagingFourier-6.2.jnilib
0x000000012f784000 	/Users/zimmemi1/git/sbmt_vtklibs/libvtkImagingCore-6.2.jnilib
0x000000012f95c000 	/Users/zimmemi1/git/sbmt_vtklibs/libvtkalglib-6.2.jnilib
0x000000012f982000 	/Users/zimmemi1/git/sbmt_vtklibs/libvtkFiltersGeneral-6.2.jnilib
0x000000012fc3f000 	/Users/zimmemi1/git/sbmt_vtklibs/libvtkFiltersCore-6.2.jnilib
0x000000012fff2000 	/Users/zimmemi1/git/sbmt_vtklibs/libvtkCommonComputationalGeometry-6.2.jnilib
0x0000000130019000 	/Users/zimmemi1/git/sbmt_vtklibs/libvtkRenderingFreeType-6.2.jnilib
0x00000001300ce000 	/Users/zimmemi1/git/sbmt_vtklibs/libvtkftgl-6.2.jnilib
0x00000001300dc000 	/Users/zimmemi1/git/sbmt_vtklibs/libvtkfreetype-6.2.jnilib
0x0000000130168000 	/Users/zimmemi1/git/sbmt_vtklibs/libvtkzlib-6.2.jnilib
0x000000013017d000 	/Users/zimmemi1/git/sbmt_vtklibs/libvtkFiltersSources-6.2.jnilib
0x00000001301fd000 	/Users/zimmemi1/git/sbmt_vtklibs/libvtkFiltersGeometry-6.2.jnilib
0x0000000130263000 	/Users/zimmemi1/git/sbmt_vtklibs/libvtksys-6.2.dylib
0x00000001302a8000 	/Users/zimmemi1/git/sbmt_vtklibs/libvtkCommonComputationalGeometryJava.jnilib
0x00000001302c2000 	/Users/zimmemi1/git/sbmt_vtklibs/libvtkDomainsChemistryJava.jnilib
0x00000001302d3000 	/Users/zimmemi1/git/sbmt_vtklibs/libvtkDomainsChemistry-6.2.jnilib
0x000000013030a000 	/Users/zimmemi1/git/sbmt_vtklibs/libvtkIOXML-6.2.jnilib
0x00000001303b9000 	/Users/zimmemi1/git/sbmt_vtklibs/libvtkIOGeometry-6.2.jnilib
0x00000001304d3000 	/Users/zimmemi1/git/sbmt_vtklibs/libvtkIOXMLParser-6.2.jnilib
0x00000001304ec000 	/Users/zimmemi1/git/sbmt_vtklibs/libvtkIOCore-6.2.jnilib
0x000000013055d000 	/Users/zimmemi1/git/sbmt_vtklibs/libvtkjsoncpp-6.2.jnilib
0x0000000130584000 	/Users/zimmemi1/git/sbmt_vtklibs/libvtkexpat-6.2.jnilib
0x00000001305aa000 	/Users/zimmemi1/git/sbmt_vtklibs/libvtkFiltersAMRJava.jnilib
0x00000001305bc000 	/Users/zimmemi1/git/sbmt_vtklibs/libvtkFiltersAMR-6.2.jnilib
0x00000001305e5000 	/Users/zimmemi1/git/sbmt_vtklibs/libvtkFiltersGeneralJava.jnilib
0x0000000130641000 	/Users/zimmemi1/git/sbmt_vtklibs/libvtkParallelCoreJava.jnilib
0x0000000130656000 	/Users/zimmemi1/git/sbmt_vtklibs/libvtkFiltersCoreJava.jnilib
0x00000001306be000 	/Users/zimmemi1/git/sbmt_vtklibs/libvtkParallelCore-6.2.jnilib
0x000000013070f000 	/Users/zimmemi1/git/sbmt_vtklibs/libvtkIOLegacyJava.jnilib
0x000000013072a000 	/Users/zimmemi1/git/sbmt_vtklibs/libvtkIOLegacy-6.2.jnilib
0x00000001307a7000 	/Users/zimmemi1/git/sbmt_vtklibs/libvtkIOCoreJava.jnilib
0x00000001307bc000 	/Users/zimmemi1/git/sbmt_vtklibs/libvtkFiltersExtractionJava.jnilib
0x00000001307db000 	/Users/zimmemi1/git/sbmt_vtklibs/libvtkFiltersStatisticsJava.jnilib
0x00000001307f0000 	/Users/zimmemi1/git/sbmt_vtklibs/libvtkImagingFourierJava.jnilib
0x00000001307fd000 	/Users/zimmemi1/git/sbmt_vtklibs/libvtkImagingCoreJava.jnilib
0x000000013082d000 	/Users/zimmemi1/git/sbmt_vtklibs/libvtkFiltersFlowPathsJava.jnilib
0x000000013084a000 	/Users/zimmemi1/git/sbmt_vtklibs/libvtkFiltersFlowPaths-6.2.jnilib
0x00000001308a8000 	/Users/zimmemi1/git/sbmt_vtklibs/libvtkFiltersSourcesJava.jnilib
0x00000001308d9000 	/Users/zimmemi1/git/sbmt_vtklibs/libvtkFiltersGenericJava.jnilib
0x00000001308f4000 	/Users/zimmemi1/git/sbmt_vtklibs/libvtkFiltersGeneric-6.2.jnilib
0x0000000130923000 	/Users/zimmemi1/git/sbmt_vtklibs/libvtkFiltersGeometryJava.jnilib
0x000000013093c000 	/Users/zimmemi1/git/sbmt_vtklibs/libvtkFiltersHybridJava.jnilib
0x0000000130961000 	/Users/zimmemi1/git/sbmt_vtklibs/libvtkFiltersHybrid-6.2.jnilib
0x0000000130a13000 	/Users/zimmemi1/git/sbmt_vtklibs/libvtkImagingSourcesJava.jnilib
0x0000000130a26000 	/Users/zimmemi1/git/sbmt_vtklibs/libvtkImagingSources-6.2.jnilib
0x0000000130a73000 	/Users/zimmemi1/git/sbmt_vtklibs/libvtkFiltersHyperTreeJava.jnilib
0x0000000130a86000 	/Users/zimmemi1/git/sbmt_vtklibs/libvtkFiltersHyperTree-6.2.jnilib
0x0000000130abb000 	/Users/zimmemi1/git/sbmt_vtklibs/libvtkFiltersImagingJava.jnilib
0x0000000130aca000 	/Users/zimmemi1/git/sbmt_vtklibs/libvtkFiltersImaging-6.2.jnilib
0x0000000130ae6000 	/Users/zimmemi1/git/sbmt_vtklibs/libvtkImagingGeneralJava.jnilib
0x0000000130b05000 	/Users/zimmemi1/git/sbmt_vtklibs/libvtkImagingGeneral-6.2.jnilib
0x0000000130bd1000 	/Users/zimmemi1/git/sbmt_vtklibs/libvtkFiltersModelingJava.jnilib
0x0000000130bf0000 	/Users/zimmemi1/git/sbmt_vtklibs/libvtkFiltersModeling-6.2.jnilib
0x0000000130c43000 	/Users/zimmemi1/git/sbmt_vtklibs/libvtkFiltersParallelJava.jnilib
0x0000000130c67000 	/Users/zimmemi1/git/sbmt_vtklibs/libvtkFiltersParallel-6.2.jnilib
0x0000000130ce3000 	/Users/zimmemi1/git/sbmt_vtklibs/libvtkFiltersParallelImagingJava.jnilib
0x0000000130cf8000 	/Users/zimmemi1/git/sbmt_vtklibs/libvtkFiltersParallelImaging-6.2.jnilib
0x0000000130d16000 	/Users/zimmemi1/git/sbmt_vtklibs/libvtkFiltersProgrammableJava.jnilib
0x0000000130d21000 	/Users/zimmemi1/git/sbmt_vtklibs/libvtkFiltersProgrammable-6.2.jnilib
0x0000000130d31000 	/Users/zimmemi1/git/sbmt_vtklibs/libvtkFiltersSelectionJava.jnilib
0x0000000130d3d000 	/Users/zimmemi1/git/sbmt_vtklibs/libvtkFiltersSelection-6.2.jnilib
0x0000000130d51000 	/Users/zimmemi1/git/sbmt_vtklibs/libvtkFiltersSMPJava.jnilib
0x0000000130d5e000 	/Users/zimmemi1/git/sbmt_vtklibs/libvtkFiltersSMP-6.2.jnilib
0x0000000130dba000 	/Users/zimmemi1/git/sbmt_vtklibs/libvtkFiltersTextureJava.jnilib
0x0000000130dca000 	/Users/zimmemi1/git/sbmt_vtklibs/libvtkFiltersTexture-6.2.jnilib
0x0000000130de5000 	/Users/zimmemi1/git/sbmt_vtklibs/libvtkFiltersVerdictJava.jnilib
0x0000000130df9000 	/Users/zimmemi1/git/sbmt_vtklibs/libvtkFiltersVerdict-6.2.jnilib
0x0000000130e13000 	/Users/zimmemi1/git/sbmt_vtklibs/libvtkverdict-6.2.dylib
0x0000000130e44000 	/Users/zimmemi1/git/sbmt_vtklibs/libvtkGeovisCoreJava.jnilib
0x0000000130e76000 	/Users/zimmemi1/git/sbmt_vtklibs/libvtkGeovisCore-6.2.jnilib
0x0000000130ee3000 	/Users/zimmemi1/git/sbmt_vtklibs/libvtkIOXMLJava.jnilib
0x0000000130f01000 	/Users/zimmemi1/git/sbmt_vtklibs/libvtkInfovisLayoutJava.jnilib
0x0000000130f32000 	/Users/zimmemi1/git/sbmt_vtklibs/libvtkViewsCoreJava.jnilib
0x0000000130f50000 	/Users/zimmemi1/git/sbmt_vtklibs/libvtkproj4-6.2.jnilib
0x0000000130f8d000 	/Users/zimmemi1/git/sbmt_vtklibs/libvtkIOGeometryJava.jnilib
0x0000000130fb1000 	/Users/zimmemi1/git/sbmt_vtklibs/libvtkIOXMLParserJava.jnilib
0x0000000130fbc000 	/Users/zimmemi1/git/sbmt_vtklibs/libvtkInfovisLayout-6.2.jnilib
0x0000000131036000 	/Users/zimmemi1/git/sbmt_vtklibs/libvtkInfovisCoreJava.jnilib
0x000000013105d000 	/Users/zimmemi1/git/sbmt_vtklibs/libvtkInteractionWidgetsJava.jnilib
0x0000000131128000 	/Users/zimmemi1/git/sbmt_vtklibs/libvtkInteractionStyleJava.jnilib
0x0000000131144000 	/Users/zimmemi1/git/sbmt_vtklibs/libvtkImagingHybridJava.jnilib
0x000000013115c000 	/Users/zimmemi1/git/sbmt_vtklibs/libvtkIOImageJava.jnilib
0x0000000131189000 	/Users/zimmemi1/git/sbmt_vtklibs/libvtkRenderingAnnotationJava.jnilib
0x00000001311eb000 	/Users/zimmemi1/git/sbmt_vtklibs/libvtkImagingColorJava.jnilib
0x00000001311f6000 	/Users/zimmemi1/git/sbmt_vtklibs/libvtkRenderingFreeTypeJava.jnilib
0x0000000131205000 	/Users/zimmemi1/git/sbmt_vtklibs/libvtkRenderingVolumeJava.jnilib
0x0000000131239000 	/Users/zimmemi1/git/sbmt_vtklibs/libvtkViewsCore-6.2.jnilib
0x0000000131262000 	/Users/zimmemi1/git/sbmt_vtklibs/libvtkInteractionWidgets-6.2.jnilib
0x000000013141e000 	/Users/zimmemi1/git/sbmt_vtklibs/libvtkInteractionStyle-6.2.jnilib
0x000000013145e000 	/Users/zimmemi1/git/sbmt_vtklibs/libvtkImagingHybrid-6.2.jnilib
0x00000001314b0000 	/Users/zimmemi1/git/sbmt_vtklibs/libvtkIOImage-6.2.jnilib
0x0000000131616000 	/Users/zimmemi1/git/sbmt_vtklibs/libvtkRenderingAnnotation-6.2.jnilib
0x00000001316e0000 	/Users/zimmemi1/git/sbmt_vtklibs/libvtkImagingColor-6.2.jnilib
0x000000013171e000 	/Users/zimmemi1/git/sbmt_vtklibs/libvtkRenderingVolume-6.2.jnilib
0x0000000131c78000 	/Users/zimmemi1/git/sbmt_vtklibs/libvtkpng-6.2.jnilib
0x0000000131ca0000 	/Users/zimmemi1/git/sbmt_vtklibs/libvtktiff-6.2.jnilib
0x0000000131d01000 	/Users/zimmemi1/git/sbmt_vtklibs/libvtkmetaio-6.2.dylib
0x0000000131d97000 	/Users/zimmemi1/git/sbmt_vtklibs/libvtkDICOMParser-6.2.jnilib
0x0000000131db0000 	/Users/zimmemi1/git/sbmt_vtklibs/libvtkjpeg-6.2.jnilib
0x0000000131dd8000 	/Users/zimmemi1/git/sbmt_vtklibs/libvtkImagingMathJava.jnilib
0x0000000131de4000 	/Users/zimmemi1/git/sbmt_vtklibs/libvtkImagingMath-6.2.jnilib
0x0000000131e2b000 	/Users/zimmemi1/git/sbmt_vtklibs/libvtkImagingMorphologicalJava.jnilib
0x0000000131e3c000 	/Users/zimmemi1/git/sbmt_vtklibs/libvtkImagingMorphological-6.2.jnilib
0x0000000131ea4000 	/Users/zimmemi1/git/sbmt_vtklibs/libvtkImagingStatisticsJava.jnilib
0x0000000131eb1000 	/Users/zimmemi1/git/sbmt_vtklibs/libvtkImagingStatistics-6.2.jnilib
0x0000000131ecf000 	/Users/zimmemi1/git/sbmt_vtklibs/libvtkImagingStencilJava.jnilib
0x0000000131ede000 	/Users/zimmemi1/git/sbmt_vtklibs/libvtkImagingStencil-6.2.jnilib
0x0000000131f0b000 	/Users/zimmemi1/git/sbmt_vtklibs/libvtkInteractionImageJava.jnilib
0x0000000131f26000 	/Users/zimmemi1/git/sbmt_vtklibs/libvtkInteractionImage-6.2.jnilib
0x0000000131f43000 	/Users/zimmemi1/git/sbmt_vtklibs/libvtkIOAMRJava.jnilib
0x0000000131f55000 	/Users/zimmemi1/git/sbmt_vtklibs/libvtkIOAMR-6.2.jnilib
0x0000000131f8c000 	/Users/zimmemi1/git/sbmt_vtklibs/libvtkhdf5_hl-6.2.8.0.2.dylib
0x0000000131fbd000 	/Users/zimmemi1/git/sbmt_vtklibs/libvtkhdf5-6.2.8.0.2.dylib
0x0000000132261000 	/Users/zimmemi1/git/sbmt_vtklibs/libvtkIOEnSightJava.jnilib
0x000000013226e000 	/Users/zimmemi1/git/sbmt_vtklibs/libvtkIOEnSight-6.2.jnilib
0x00000001322de000 	/Users/zimmemi1/git/sbmt_vtklibs/libvtkIOExodusJava.jnilib
0x00000001322ff000 	/Users/zimmemi1/git/sbmt_vtklibs/libvtkIOExodus-6.2.jnilib
0x00000001323a0000 	/Users/zimmemi1/git/sbmt_vtklibs/libvtkexoIIc-6.2.jnilib
0x00000001323ea000 	/Users/zimmemi1/git/sbmt_vtklibs/libvtkNetCDF_cxx-6.2.jnilib
0x000000013240b000 	/Users/zimmemi1/git/sbmt_vtklibs/libvtkNetCDF-6.2.jnilib
0x00000001324ef000 	/Users/zimmemi1/git/sbmt_vtklibs/libvtkIOExportJava.jnilib
0x0000000132508000 	/Users/zimmemi1/git/sbmt_vtklibs/libvtkIOExport-6.2.jnilib
0x000000013255f000 	/Users/zimmemi1/git/sbmt_vtklibs/libvtkRenderingGL2PSJava.jnilib
0x000000013256b000 	/Users/zimmemi1/git/sbmt_vtklibs/libvtkRenderingLabelJava.jnilib
0x0000000132589000 	/Users/zimmemi1/git/sbmt_vtklibs/libvtkRenderingGL2PS-6.2.jnilib
0x00000001325a3000 	/Users/zimmemi1/git/sbmt_vtklibs/libvtkRenderingContextOpenGLJava.jnilib
0x00000001325af000 	/Users/zimmemi1/git/sbmt_vtklibs/libvtkRenderingOpenGLJava.jnilib
0x00000001325f7000 	/Users/zimmemi1/git/sbmt_vtklibs/libvtkRenderingContextOpenGL-6.2.jnilib
0x0000000132617000 	/Users/zimmemi1/git/sbmt_vtklibs/libvtkRenderingOpenGL-6.2.jnilib
0x00000001327c0000 	/System/Library/Frameworks/AGL.framework/Versions/A/AGL
0x00000001327cc000 	/Users/zimmemi1/git/sbmt_vtklibs/libvtkRenderingLabel-6.2.jnilib
0x000000013285e000 	/Users/zimmemi1/git/sbmt_vtklibs/libvtkgl2ps-6.2.jnilib
0x0000000132878000 	/Users/zimmemi1/git/sbmt_vtklibs/libvtkIOImportJava.jnilib
0x0000000132882000 	/Users/zimmemi1/git/sbmt_vtklibs/libvtkIOImport-6.2.jnilib
0x00000001328b1000 	/Users/zimmemi1/git/sbmt_vtklibs/libvtkIOInfovisJava.jnilib
0x00000001328cd000 	/Users/zimmemi1/git/sbmt_vtklibs/libvtkIOInfovis-6.2.jnilib
0x0000000132933000 	/Users/zimmemi1/git/sbmt_vtklibs/libvtklibxml2-6.2.jnilib
0x0000000132a96000 	/Users/zimmemi1/git/sbmt_vtklibs/libvtkIOLSDynaJava.jnilib
0x0000000132aa9000 	/Users/zimmemi1/git/sbmt_vtklibs/libvtkIOLSDyna-6.2.jnilib
0x0000000132b05000 	/Users/zimmemi1/git/sbmt_vtklibs/libvtkIOMINCJava.jnilib
0x0000000132b1c000 	/Users/zimmemi1/git/sbmt_vtklibs/libvtkIOMINC-6.2.jnilib
0x0000000132b84000 	/Users/zimmemi1/git/sbmt_vtklibs/libvtkIOMovieJava.jnilib
0x0000000132b8d000 	/Users/zimmemi1/git/sbmt_vtklibs/libvtkIOMovie-6.2.jnilib
0x0000000132b9d000 	/Users/zimmemi1/git/sbmt_vtklibs/libvtkoggtheora-6.2.jnilib
0x0000000132bd9000 	/Users/zimmemi1/git/sbmt_vtklibs/libvtkIONetCDFJava.jnilib
0x0000000132be9000 	/Users/zimmemi1/git/sbmt_vtklibs/libvtkIONetCDF-6.2.jnilib
0x0000000132c45000 	/Users/zimmemi1/git/sbmt_vtklibs/libvtkIOParallelJava.jnilib
0x0000000132c5d000 	/Users/zimmemi1/git/sbmt_vtklibs/libvtkIOParallel-6.2.jnilib
0x0000000132cae000 	/Users/zimmemi1/git/sbmt_vtklibs/libvtkIOParallelXMLJava.jnilib
0x0000000132cbd000 	/Users/zimmemi1/git/sbmt_vtklibs/libvtkIOParallelXML-6.2.jnilib
0x0000000132cdf000 	/Users/zimmemi1/git/sbmt_vtklibs/libvtkIOPLYJava.jnilib
0x0000000132cea000 	/Users/zimmemi1/git/sbmt_vtklibs/libvtkIOPLY-6.2.jnilib
0x0000000132d03000 	/Users/zimmemi1/git/sbmt_vtklibs/libvtkIOSQLJava.jnilib
0x0000000132d18000 	/Users/zimmemi1/git/sbmt_vtklibs/libvtkIOSQL-6.2.jnilib
0x0000000132d5d000 	/Users/zimmemi1/git/sbmt_vtklibs/libvtksqlite-6.2.jnilib
0x0000000132e15000 	/Users/zimmemi1/git/sbmt_vtklibs/libvtkIOVideoJava.jnilib
0x0000000132e1f000 	/Users/zimmemi1/git/sbmt_vtklibs/libvtkIOVideo-6.2.jnilib
0x0000000132e2f000 	/Users/zimmemi1/git/sbmt_vtklibs/libvtkRenderingFreeTypeOpenGLJava.jnilib
0x0000000132e3c000 	/Users/zimmemi1/git/sbmt_vtklibs/libvtkRenderingFreeTypeOpenGL-6.2.jnilib
0x0000000132e4d000 	/Users/zimmemi1/git/sbmt_vtklibs/libvtkRenderingImageJava.jnilib
0x0000000132e5b000 	/Users/zimmemi1/git/sbmt_vtklibs/libvtkRenderingImage-6.2.jnilib
0x0000000132e74000 	/Users/zimmemi1/git/sbmt_vtklibs/libvtkRenderingLICJava.jnilib
0x0000000132e89000 	/Users/zimmemi1/git/sbmt_vtklibs/libvtkRenderingLIC-6.2.jnilib
0x0000000132f46000 	/Users/zimmemi1/git/sbmt_vtklibs/libvtkRenderingLODJava.jnilib
0x0000000132f55000 	/Users/zimmemi1/git/sbmt_vtklibs/libvtkRenderingLOD-6.2.jnilib
0x0000000132f65000 	/Users/zimmemi1/git/sbmt_vtklibs/libvtkRenderingVolumeOpenGLJava.jnilib
0x0000000132f77000 	/Users/zimmemi1/git/sbmt_vtklibs/libvtkRenderingVolumeOpenGL-6.2.jnilib
0x0000000132fe1000 	/Users/zimmemi1/git/sbmt_vtklibs/libvtkViewsContext2DJava.jnilib
0x0000000132ff8000 	/Users/zimmemi1/git/sbmt_vtklibs/libvtkViewsContext2D-6.2.jnilib
0x000000013300e000 	/Users/zimmemi1/git/sbmt_vtklibs/libvtkViewsGeovisJava.jnilib
0x000000013302d000 	/Users/zimmemi1/git/sbmt_vtklibs/libvtkViewsGeovis-6.2.jnilib
0x0000000133045000 	/Users/zimmemi1/git/sbmt_vtklibs/libvtkViewsInfovisJava.jnilib
0x0000000133097000 	/Users/zimmemi1/git/sbmt_vtklibs/libvtkViewsInfovis-6.2.jnilib
0x0000000133451000 	/Library/Java/JavaVirtualMachines/jdk1.8.0_60.jdk/Contents/Home/jre/lib/libosxui.dylib
0x0000000133935000 	/Library/Java/JavaVirtualMachines/jdk1.8.0_60.jdk/Contents/Home/jre/lib/libnet.dylib
0x000000013394c000 	/Library/Java/JavaVirtualMachines/jdk1.8.0_60.jdk/Contents/Home/jre/lib/libnio.dylib
0x000000012d7cc000 	/Users/zimmemi1/git/sbmt_vtklibs/libgluegen-rt.jnilib
0x000000012d7d0000 	/Users/zimmemi1/git/sbmt_vtklibs/libnativewindow_awt.jnilib
0x000000012d7d3000 	/Users/zimmemi1/git/sbmt_vtklibs/libnativewindow_macosx.jnilib
0x000000017470d000 	/Users/zimmemi1/git/sbmt_vtklibs/libjogl_desktop.jnilib
0x0000000003b58000 	/System/Library/Frameworks/ApplicationServices.framework/Versions/A/Frameworks/ATS.framework/Versions/A/Resources/libTrueTypeScaler.dylib
0x0000000003b58000 	/System/Library/PrivateFrameworks/Shortcut.framework/Versions/A/Shortcut
0x0000000003b58000 	/System/Library/PrivateFrameworks/HelpData.framework/Versions/A/HelpData
0x0000000003b58000 	/usr/lib/libtidy.A.dylib
0x0000000003b58000 	/System/Library/Frameworks/ApplicationServices.framework/Versions/A/Frameworks/CoreGraphics.framework/Versions/A/Resources/libCGXCoreImage.A.dylib
0x00000001792c9000 	cl_kernels
0x00000001819bd000 	/System/Library/Frameworks/OpenCL.framework/Versions/A/Libraries/ImageFormats/unorm8_bgra.dylib
0x00000001871f7000 	/Users/zimmemi1/git/sbmt_vtklibs/libJNISpice.jnilib

VM Arguments:
jvm_args: -Djava.library.path=/Users/zimmemi1/git/sbmt_vtklibs -Xmx4096M -Dcom.apple.mrj.application.apple.menu.about.name=Small Body Mapping Tool -Dfile.encoding=UTF-8 
java_command: edu.jhuapl.near.tools.SmallBodyMappingToolAPL
java_class_path (initial): /Users/zimmemi1/git/sbmt/bin:/Users/zimmemi1/git/sbmt/lib/joda-time-1.6.jar:/Users/zimmemi1/git/sbmt/lib/jcommon-1.0.16.jar:/Users/zimmemi1/git/sbmt/lib/jfreechart-1.0.13.jar:/Users/zimmemi1/git/sbmt/lib/miglayout-3.7.1-swing.jar:/Users/zimmemi1/git/sbmt/lib/mysql-connector-java-5.1.10-bin.jar:/Users/zimmemi1/git/sbmt/lib/commons-io-2.0.jar:/Users/zimmemi1/git/sbmt/lib/fits-1.04.0.jar:/Users/zimmemi1/git/sbmt/lib/jgoodies-common-1.1.1.jar:/Users/zimmemi1/git/sbmt/lib/jgoodies-looks-2.4.0.jar:/Users/zimmemi1/git/sbmt/lib/guava-13.0.1.jar:/Users/zimmemi1/git/sbmt/lib/commons-math3-3.2.jar:/Users/zimmemi1/git/sbmt/lib/spice-N0065.jar:/Users/zimmemi1/git/sbmt/lib/vtk-6.2.jar:/Users/zimmemi1/git/sbmt/lib/jide-oss-3.6.9.jar:/Users/zimmemi1/git/sbmt/lib/gluegen-rt-2.1.5.jar:/Users/zimmemi1/git/sbmt/lib/jogl-all-2.1.5.jar:/Users/zimmemi1/git/sbmt/lib
Launcher Type: SUN_STANDARD

Environment Variables:
PATH=/usr/bin:/bin:/usr/sbin:/sbin:/usr/local/bin:/opt/X11/bin
SHELL=/bin/bash
DISPLAY=/tmp/launch-6uC4gX/org.macosforge.xquartz:0
DYLD_LIBRARY_PATH=/Users/zimmemi1/git/sbmt_vtklibs

Signal Handlers:
SIGSEGV: [libjvm.dylib+0x5a6d31], sa_mask[0]=11111111011111110111111111111111, sa_flags=SA_ONSTACK|SA_RESTART|SA_SIGINFO
SIGBUS: [libjvm.dylib+0x5a6d31], sa_mask[0]=11111111011111110111111111111111, sa_flags=SA_RESTART|SA_SIGINFO
SIGFPE: [libjvm.dylib+0x480a4c], sa_mask[0]=11111111011111110111111111111111, sa_flags=SA_RESTART|SA_SIGINFO
SIGPIPE: [libjvm.dylib+0x480a4c], sa_mask[0]=11111111011111110111111111111111, sa_flags=SA_RESTART|SA_SIGINFO
SIGXFSZ: [libjvm.dylib+0x480a4c], sa_mask[0]=11111111011111110111111111111111, sa_flags=SA_RESTART|SA_SIGINFO
SIGILL: [libjvm.dylib+0x480a4c], sa_mask[0]=11111111011111110111111111111111, sa_flags=SA_RESTART|SA_SIGINFO
SIGUSR1: SIG_DFL, sa_mask[0]=00000000000000000000000000000000, sa_flags=SA_RESTART
SIGUSR2: [libjvm.dylib+0x48056a], sa_mask[0]=00100000000000000000000000000000, sa_flags=SA_RESTART|SA_SIGINFO
SIGHUP: [libjvm.dylib+0x47eb41], sa_mask[0]=11111111011111110111111111111111, sa_flags=SA_RESTART|SA_SIGINFO
SIGINT: [libjvm.dylib+0x47eb41], sa_mask[0]=11111111011111110111111111111111, sa_flags=SA_RESTART|SA_SIGINFO
SIGTERM: [libjvm.dylib+0x47eb41], sa_mask[0]=11111111011111110111111111111111, sa_flags=SA_RESTART|SA_SIGINFO
SIGQUIT: [libjvm.dylib+0x47eb41], sa_mask[0]=11111111011111110111111111111111, sa_flags=SA_RESTART|SA_SIGINFO


---------------  S Y S T E M  ---------------

OS:Bsduname:Darwin 12.6.0 Darwin Kernel Version 12.6.0: Wed Mar 18 16:23:48 PDT 2015; root:xnu-2050.48.19~1/RELEASE_X86_64 x86_64
rlimit: STACK 8192k, CORE 0k, NPROC 709, NOFILE 10240, AS infinity
load average:1.43 1.36 1.40

CPU:total 8 (4 cores per cpu, 2 threads per core) family 6 model 58 stepping 9, cmov, cx8, fxsr, mmx, sse, sse2, sse3, ssse3, sse4.1, sse4.2, popcnt, avx, aes, clmul, erms, ht, tsc, tscinvbit, tscinv

Memory: 4k page, physical 16777216k(1497264k free)

/proc/meminfo:


vm_info: Java HotSpot(TM) 64-Bit Server VM (25.60-b23) for bsd-amd64 JRE (1.8.0_60-b27), built on Aug  4 2015 10:47:24 by "java_re" with gcc 4.2.1 (Based on Apple Inc. build 5658) (LLVM build 2336.11.00)

time: Fri Mar 11 14:57:51 2016
elapsed time: 32 seconds (0d 0h 0m 32s)

